The system is: Windows - 10.0.19043 - AMD64
Compiling the CXX compiler identification source file "CMakeCXXCompilerId.cpp" succeeded.
Compiler:  
Build flags: 
Id flags:  

The output was:
0
Microsoft(R) Build Engine versão 15.9.21+g9802d43bc3 para .NET Framework 
Copyright (C) Microsoft Corporation. Todos os direitos reservados.

Compilação de 16/06/2021 10:16:38 iniciada.
Projeto "C:\Users\isaqu\Documents\Escolaridade\UF\Bacharel em TI\LP1\Lista1\intervalos\build\CMakeFiles\3.20.3\CompilerIdCXX\CompilerIdCXX.vcxproj" no nó 1 (destinos padrão).
PrepareForBuild:
  Criando o diretório "Debug\".
  Criando o diretório "Debug\CompilerIdCXX.tlog\".
InitializeBuildStatus:
  Criando "Debug\CompilerIdCXX.tlog\unsuccessfulbuild" porque "AlwaysCreate" foi especificado.
ClCompile:
  C:\Program Files (x86)\Microsoft Visual Studio\2017\BuildTools\VC\Tools\MSVC\14.16.27023\bin\HostX86\x86\CL.exe /c /nologo /W0 /WX- /diagnostics:classic /Od /Oy- /D _MBCS /Gm- /EHsc /RTC1 /MDd /GS /fp:precise /Zc:wchar_t /Zc:forScope /Zc:inline /Fo"Debug\\" /Fd"Debug\vc141.pdb" /Gd /TP /analyze- /FC /errorReport:queue CMakeCXXCompilerId.cpp
  CMakeCXXCompilerId.cpp
Link:
  C:\Program Files (x86)\Microsoft Visual Studio\2017\BuildTools\VC\Tools\MSVC\14.16.27023\bin\HostX86\x86\link.exe /ERRORREPORT:QUEUE /OUT:".\CompilerIdCXX.exe" /INCREMENTAL:NO /NOLOGO kernel32.lib user32.lib gdi32.lib winspool.lib comdlg32.lib advapi32.lib shell32.lib ole32.lib oleaut32.lib uuid.lib odbc32.lib odbccp32.lib /MANIFEST /MANIFESTUAC:"level='asInvoker' uiAccess='false'" /manifest:embed /PDB:".\CompilerIdCXX.pdb" /SUBSYSTEM:CONSOLE /TLBID:1 /DYNAMICBASE /NXCOMPAT /IMPLIB:".\CompilerIdCXX.lib" /MACHINE:X86 /SAFESEH Debug\CMakeCXXCompilerId.obj
  CompilerIdCXX.vcxproj -> C:\Users\isaqu\Documents\Escolaridade\UF\Bacharel em TI\LP1\Lista1\intervalos\build\CMakeFiles\3.20.3\CompilerIdCXX\.\CompilerIdCXX.exe
PostBuildEvent:
  for %%i in (cl.exe) do @echo CMAKE_CXX_COMPILER=%%~$PATH:i
  :VCEnd
  CMAKE_CXX_COMPILER=C:\Program Files (x86)\Microsoft Visual Studio\2017\BuildTools\VC\Tools\MSVC\14.16.27023\bin\Hostx86\x86\cl.exe
FinalizeBuildStatus:
  Excluindo o arquivo "Debug\CompilerIdCXX.tlog\unsuccessfulbuild".
  Tocando "Debug\CompilerIdCXX.tlog\CompilerIdCXX.lastbuildstate".
Projeto de compilação pronto "C:\Users\isaqu\Documents\Escolaridade\UF\Bacharel em TI\LP1\Lista1\intervalos\build\CMakeFiles\3.20.3\CompilerIdCXX\CompilerIdCXX.vcxproj" (destinos padrão).

Compilação com êxito.
    0 Aviso(s)
    0 Erro(s)

Tempo Decorrido 00:00:18.91


Compilation of the CXX compiler identification source "CMakeCXXCompilerId.cpp" produced "CompilerIdCXX.exe"

Compilation of the CXX compiler identification source "CMakeCXXCompilerId.cpp" produced "CompilerIdCXX.vcxproj"

The CXX compiler identification is MSVC, found in "C:/Users/isaqu/Documents/Escolaridade/UF/Bacharel em TI/LP1/Lista1/intervalos/build/CMakeFiles/3.20.3/CompilerIdCXX/CompilerIdCXX.exe"

Detecting CXX compiler ABI info compiled with the following output:
Change Dir: C:/Users/isaqu/Documents/Escolaridade/UF/Bacharel em TI/LP1/Lista1/intervalos/build/CMakeFiles/CMakeTmp

Run Build Command(s):C:/Program Files (x86)/Microsoft Visual Studio/2017/BuildTools/MSBuild/15.0/Bin/MSBuild.exe cmTC_d589d.vcxproj /p:Configuration=Debug /p:Platform=Win32 /p:VisualStudioVersion=15.0 /v:m && Microsoft(R) Build Engine versão 15.9.21+g9802d43bc3 para .NET Framework 
Copyright (C) Microsoft Corporation. Todos os direitos reservados.

  Microsoft (R) C/C++ Optimizing Compiler Versão 19.16.27045 para x86
  Copyright (C) Microsoft Corporation. Todos os direitos reservados.
  
  CMakeCXXCompilerABI.cpp
  cl /c /Zi /W3 /WX- /diagnostics:classic /Od /Ob0 /Oy- /D WIN32 /D _WINDOWS /D "CMAKE_INTDIR=\"Debug\"" /D _MBCS /Gm- /EHsc /RTC1 /MDd /GS /fp:precise /Zc:wchar_t /Zc:forScope /Zc:inline /GR /Fo"cmTC_d589d.dir\Debug\\" /Fd"cmTC_d589d.dir\Debug\vc141.pdb" /Gd /TP /analyze- /errorReport:queue "C:\Program Files\CMake\share\cmake-3.20\Modules\CMakeCXXCompilerABI.cpp"
  
  cmTC_d589d.vcxproj -> C:\Users\isaqu\Documents\Escolaridade\UF\Bacharel em TI\LP1\Lista1\intervalos\build\CMakeFiles\CMakeTmp\Debug\cmTC_d589d.exe



